system   D            wsystem.c:583  maybe_parent_dir                 [   0.00055] Also searching C:\Users\polack-admin\Documents\Visual Studio 2012\Projects\BackgroundImage\
system   D            wsystem.c:633  _al_win_safe_load_library        [   0.00071] PathFindOnPath found: C:\Windows\system32\d3d9.dll
system   D            wsystem.c:544  load_library_at_path             [   0.00072] Calling LoadLibrary C:\Windows\system32\d3d9.dll
system   I            wsystem.c:547  load_library_at_path             [   0.00443] Loaded C:\Windows\system32\d3d9.dll
d3d      I         d3d_disp.cpp:893  _al_d3d_init_display             [   0.01075] Render-to-texture: 1
system   I             system.c:272  al_install_system                [   0.01079] Allegro version: 5.0.7
dtor     D               dtor.c:184  _al_register_destructor          [   0.01091] added dtor for object 00894008, func 0FEE24AA
d3d      I         d3d_disp.cpp:1921 d3d_create_display_locked        [   0.01126] faux_fullscreen=0
display  D   display_settings.c:191  debug_display_settings           [   0.01159] color: 32 (rgba 8880), depth: 0, stencil: 0, acc: 0000, samples: 0/0
display  D   display_settings.c:506  _al_score_display_settings       [   0.01161] Score is : 897
display  D   display_settings.c:191  debug_display_settings           [   0.01161] color: 32 (rgba 8880), depth: 24, stencil: 8, acc: 0000, samples: 0/0
display  D   display_settings.c:506  _al_score_display_settings       [   0.01163] Score is : 897
display  D   display_settings.c:191  debug_display_settings           [   0.01163] color: 32 (rgba 8880), depth: 24, stencil: 0, acc: 0000, samples: 0/0
display  D   display_settings.c:506  _al_score_display_settings       [   0.01164] Score is : 897
display  D   display_settings.c:191  debug_display_settings           [   0.01165] color: 32 (rgba 8880), depth: 24, stencil: 4, acc: 0000, samples: 0/0
display  D   display_settings.c:506  _al_score_display_settings       [   0.01166] Score is : 897
display  D   display_settings.c:191  debug_display_settings           [   0.01167] color: 32 (rgba 8880), depth: 0, stencil: 0, acc: 0000, samples: 0/1
display  D   display_settings.c:506  _al_score_display_settings       [   0.01168] Score is : 769
display  D   display_settings.c:191  debug_display_settings           [   0.01169] color: 32 (rgba 8880), depth: 0, stencil: 0, acc: 0000, samples: 1/1
display  D   display_settings.c:506  _al_score_display_settings       [   0.01170] Score is : 737
display  D   display_settings.c:191  debug_display_settings           [   0.01171] color: 32 (rgba 8880), depth: 0, stencil: 0, acc: 0000, samples: 2/1
display  D   display_settings.c:506  _al_score_display_settings       [   0.01172] Score is : 726
display  D   display_settings.c:191  debug_display_settings           [   0.01172] color: 32 (rgba 8880), depth: 24, stencil: 8, acc: 0000, samples: 0/1
display  D   display_settings.c:506  _al_score_display_settings       [   0.01173] Score is : 769
display  D   display_settings.c:191  debug_display_settings           [   0.01174] color: 32 (rgba 8880), depth: 24, stencil: 8, acc: 0000, samples: 1/1
display  D   display_settings.c:506  _al_score_display_settings       [   0.01175] Score is : 737
display  D   display_settings.c:191  debug_display_settings           [   0.01176] color: 32 (rgba 8880), depth: 24, stencil: 8, acc: 0000, samples: 2/1
display  D   display_settings.c:506  _al_score_display_settings       [   0.01177] Score is : 726
display  D   display_settings.c:191  debug_display_settings           [   0.01178] color: 32 (rgba 8880), depth: 24, stencil: 0, acc: 0000, samples: 0/1
display  D   display_settings.c:506  _al_score_display_settings       [   0.01179] Score is : 769
display  D   display_settings.c:191  debug_display_settings           [   0.01179] color: 32 (rgba 8880), depth: 24, stencil: 0, acc: 0000, samples: 1/1
display  D   display_settings.c:506  _al_score_display_settings       [   0.01180] Score is : 737
display  D   display_settings.c:191  debug_display_settings           [   0.01181] color: 32 (rgba 8880), depth: 24, stencil: 0, acc: 0000, samples: 2/1
display  D   display_settings.c:506  _al_score_display_settings       [   0.01185] Score is : 726
display  D   display_settings.c:191  debug_display_settings           [   0.01186] color: 32 (rgba 8880), depth: 24, stencil: 4, acc: 0000, samples: 0/1
display  D   display_settings.c:506  _al_score_display_settings       [   0.01187] Score is : 769
display  D   display_settings.c:191  debug_display_settings           [   0.01188] color: 32 (rgba 8880), depth: 24, stencil: 4, acc: 0000, samples: 1/1
display  D   display_settings.c:506  _al_score_display_settings       [   0.01189] Score is : 737
display  D   display_settings.c:191  debug_display_settings           [   0.01190] color: 32 (rgba 8880), depth: 24, stencil: 4, acc: 0000, samples: 2/1
display  D   display_settings.c:506  _al_score_display_settings       [   0.01191] Score is : 726
display  D   display_settings.c:191  debug_display_settings           [   0.01192] color: 32 (rgba 8880), depth: 0, stencil: 0, acc: 0000, samples: 0/0
display  D   display_settings.c:377  _al_score_display_settings       [   0.01193] Single Buffer requirement not met.
display  D   display_settings.c:191  debug_display_settings           [   0.01194] color: 32 (rgba 8880), depth: 24, stencil: 8, acc: 0000, samples: 0/0
display  D   display_settings.c:377  _al_score_display_settings       [   0.01195] Single Buffer requirement not met.
display  D   display_settings.c:191  debug_display_settings           [   0.01195] color: 32 (rgba 8880), depth: 24, stencil: 0, acc: 0000, samples: 0/0
display  D   display_settings.c:377  _al_score_display_settings       [   0.01196] Single Buffer requirement not met.
display  D   display_settings.c:191  debug_display_settings           [   0.01197] color: 32 (rgba 8880), depth: 24, stencil: 4, acc: 0000, samples: 0/0
display  D   display_settings.c:377  _al_score_display_settings       [   0.01198] Single Buffer requirement not met.
display  D   display_settings.c:191  debug_display_settings           [   0.01199] color: 32 (rgba 8880), depth: 0, stencil: 0, acc: 0000, samples: 0/1
display  D   display_settings.c:377  _al_score_display_settings       [   0.01200] Single Buffer requirement not met.
display  D   display_settings.c:191  debug_display_settings           [   0.01201] color: 32 (rgba 8880), depth: 0, stencil: 0, acc: 0000, samples: 1/1
display  D   display_settings.c:377  _al_score_display_settings       [   0.01202] Single Buffer requirement not met.
display  D   display_settings.c:191  debug_display_settings           [   0.01203] color: 32 (rgba 8880), depth: 0, stencil: 0, acc: 0000, samples: 2/1
display  D   display_settings.c:377  _al_score_display_settings       [   0.01204] Single Buffer requirement not met.
display  D   display_settings.c:191  debug_display_settings           [   0.01204] color: 32 (rgba 8880), depth: 24, stencil: 8, acc: 0000, samples: 0/1
display  D   display_settings.c:377  _al_score_display_settings       [   0.01205] Single Buffer requirement not met.
display  D   display_settings.c:191  debug_display_settings           [   0.01206] color: 32 (rgba 8880), depth: 24, stencil: 8, acc: 0000, samples: 1/1
display  D   display_settings.c:377  _al_score_display_settings       [   0.01207] Single Buffer requirement not met.
display  D   display_settings.c:191  debug_display_settings           [   0.01209] color: 32 (rgba 8880), depth: 24, stencil: 8, acc: 0000, samples: 2/1
display  D   display_settings.c:377  _al_score_display_settings       [   0.01210] Single Buffer requirement not met.
display  D   display_settings.c:191  debug_display_settings           [   0.01211] color: 32 (rgba 8880), depth: 24, stencil: 0, acc: 0000, samples: 0/1
display  D   display_settings.c:377  _al_score_display_settings       [   0.01212] Single Buffer requirement not met.
display  D   display_settings.c:191  debug_display_settings           [   0.01213] color: 32 (rgba 8880), depth: 24, stencil: 0, acc: 0000, samples: 1/1
display  D   display_settings.c:377  _al_score_display_settings       [   0.01214] Single Buffer requirement not met.
display  D   display_settings.c:191  debug_display_settings           [   0.01215] color: 32 (rgba 8880), depth: 24, stencil: 0, acc: 0000, samples: 2/1
display  D   display_settings.c:377  _al_score_display_settings       [   0.01215] Single Buffer requirement not met.
display  D   display_settings.c:191  debug_display_settings           [   0.01216] color: 32 (rgba 8880), depth: 24, stencil: 4, acc: 0000, samples: 0/1
display  D   display_settings.c:377  _al_score_display_settings       [   0.01217] Single Buffer requirement not met.
display  D   display_settings.c:191  debug_display_settings           [   0.01218] color: 32 (rgba 8880), depth: 24, stencil: 4, acc: 0000, samples: 1/1
display  D   display_settings.c:377  _al_score_display_settings       [   0.01220] Single Buffer requirement not met.
display  D   display_settings.c:191  debug_display_settings           [   0.01221] color: 32 (rgba 8880), depth: 24, stencil: 4, acc: 0000, samples: 2/1
display  D   display_settings.c:377  _al_score_display_settings       [   0.01223] Single Buffer requirement not met.
display  D   display_settings.c:191  debug_display_settings           [   0.01224] color: 32 (rgba 8880), depth: 0, stencil: 0, acc: 0000, samples: 0/0
display  D   display_settings.c:506  _al_score_display_settings       [   0.01225] Score is : 769
display  D   display_settings.c:191  debug_display_settings           [   0.01225] color: 32 (rgba 8880), depth: 32, stencil: 0, acc: 0000, samples: 0/0
display  D   display_settings.c:506  _al_score_display_settings       [   0.01226] Score is : 769
display  D   display_settings.c:191  debug_display_settings           [   0.01227] color: 32 (rgba 8880), depth: 24, stencil: 8, acc: 0000, samples: 0/0
display  D   display_settings.c:506  _al_score_display_settings       [   0.01228] Score is : 769
display  D   display_settings.c:191  debug_display_settings           [   0.01229] color: 32 (rgba 8880), depth: 24, stencil: 0, acc: 0000, samples: 0/0
display  D   display_settings.c:506  _al_score_display_settings       [   0.01230] Score is : 769
display  D   display_settings.c:191  debug_display_settings           [   0.01231] color: 32 (rgba 8880), depth: 24, stencil: 4, acc: 0000, samples: 0/0
display  D   display_settings.c:506  _al_score_display_settings       [   0.01232] Score is : 769
display  D   display_settings.c:191  debug_display_settings           [   0.01233] color: 32 (rgba 8880), depth: 0, stencil: 0, acc: 0000, samples: 0/1
display  D   display_settings.c:506  _al_score_display_settings       [   0.01234] Score is : 641
display  D   display_settings.c:191  debug_display_settings           [   0.01236] color: 32 (rgba 8880), depth: 0, stencil: 0, acc: 0000, samples: 1/1
display  D   display_settings.c:506  _al_score_display_settings       [   0.01237] Score is : 609
display  D   display_settings.c:191  debug_display_settings           [   0.01238] color: 32 (rgba 8880), depth: 0, stencil: 0, acc: 0000, samples: 2/1
display  D   display_settings.c:506  _al_score_display_settings       [   0.01239] Score is : 598
display  D   display_settings.c:191  debug_display_settings           [   0.01240] color: 32 (rgba 8880), depth: 32, stencil: 0, acc: 0000, samples: 0/1
display  D   display_settings.c:506  _al_score_display_settings       [   0.01241] Score is : 641
display  D   display_settings.c:191  debug_display_settings           [   0.01241] color: 32 (rgba 8880), depth: 32, stencil: 0, acc: 0000, samples: 1/1
display  D   display_settings.c:506  _al_score_display_settings       [   0.01242] Score is : 609
display  D   display_settings.c:191  debug_display_settings           [   0.01243] color: 32 (rgba 8880), depth: 32, stencil: 0, acc: 0000, samples: 2/1
display  D   display_settings.c:506  _al_score_display_settings       [   0.01244] Score is : 598
display  D   display_settings.c:191  debug_display_settings           [   0.01245] color: 32 (rgba 8880), depth: 24, stencil: 8, acc: 0000, samples: 0/1
display  D   display_settings.c:506  _al_score_display_settings       [   0.01247] Score is : 641
display  D   display_settings.c:191  debug_display_settings           [   0.01248] color: 32 (rgba 8880), depth: 24, stencil: 8, acc: 0000, samples: 1/1
display  D   display_settings.c:506  _al_score_display_settings       [   0.01250] Score is : 609
display  D   display_settings.c:191  debug_display_settings           [   0.01250] color: 32 (rgba 8880), depth: 24, stencil: 8, acc: 0000, samples: 2/1
display  D   display_settings.c:506  _al_score_display_settings       [   0.01251] Score is : 598
display  D   display_settings.c:191  debug_display_settings           [   0.01252] color: 32 (rgba 8880), depth: 24, stencil: 0, acc: 0000, samples: 0/1
display  D   display_settings.c:506  _al_score_display_settings       [   0.01253] Score is : 641
display  D   display_settings.c:191  debug_display_settings           [   0.01254] color: 32 (rgba 8880), depth: 24, stencil: 0, acc: 0000, samples: 1/1
display  D   display_settings.c:506  _al_score_display_settings       [   0.01255] Score is : 609
display  D   display_settings.c:191  debug_display_settings           [   0.01256] color: 32 (rgba 8880), depth: 24, stencil: 0, acc: 0000, samples: 2/1
display  D   display_settings.c:506  _al_score_display_settings       [   0.01257] Score is : 598
display  D   display_settings.c:191  debug_display_settings           [   0.01257] color: 32 (rgba 8880), depth: 24, stencil: 4, acc: 0000, samples: 0/1
display  D   display_settings.c:506  _al_score_display_settings       [   0.01258] Score is : 641
display  D   display_settings.c:191  debug_display_settings           [   0.01260] color: 32 (rgba 8880), depth: 24, stencil: 4, acc: 0000, samples: 1/1
display  D   display_settings.c:506  _al_score_display_settings       [   0.01261] Score is : 609
display  D   display_settings.c:191  debug_display_settings           [   0.01262] color: 32 (rgba 8880), depth: 24, stencil: 4, acc: 0000, samples: 2/1
display  D   display_settings.c:506  _al_score_display_settings       [   0.01264] Score is : 598
display  D   display_settings.c:191  debug_display_settings           [   0.01265] color: 32 (rgba 8880), depth: 0, stencil: 0, acc: 0000, samples: 0/0
display  D   display_settings.c:377  _al_score_display_settings       [   0.01266] Single Buffer requirement not met.
display  D   display_settings.c:191  debug_display_settings           [   0.01266] color: 32 (rgba 8880), depth: 32, stencil: 0, acc: 0000, samples: 0/0
display  D   display_settings.c:377  _al_score_display_settings       [   0.01267] Single Buffer requirement not met.
display  D   display_settings.c:191  debug_display_settings           [   0.01268] color: 32 (rgba 8880), depth: 24, stencil: 8, acc: 0000, samples: 0/0
display  D   display_settings.c:377  _al_score_display_settings       [   0.01269] Single Buffer requirement not met.
display  D   display_settings.c:191  debug_display_settings           [   0.01270] color: 32 (rgba 8880), depth: 24, stencil: 0, acc: 0000, samples: 0/0
display  D   display_settings.c:377  _al_score_display_settings       [   0.01271] Single Buffer requirement not met.
display  D   display_settings.c:191  debug_display_settings           [   0.01272] color: 32 (rgba 8880), depth: 24, stencil: 4, acc: 0000, samples: 0/0
display  D   display_settings.c:377  _al_score_display_settings       [   0.01274] Single Buffer requirement not met.
display  D   display_settings.c:191  debug_display_settings           [   0.01274] color: 32 (rgba 8880), depth: 0, stencil: 0, acc: 0000, samples: 0/1
display  D   display_settings.c:377  _al_score_display_settings       [   0.01275] Single Buffer requirement not met.
display  D   display_settings.c:191  debug_display_settings           [   0.01277] color: 32 (rgba 8880), depth: 0, stencil: 0, acc: 0000, samples: 1/1
display  D   display_settings.c:377  _al_score_display_settings       [   0.01279] Single Buffer requirement not met.
display  D   display_settings.c:191  debug_display_settings           [   0.01280] color: 32 (rgba 8880), depth: 0, stencil: 0, acc: 0000, samples: 2/1
display  D   display_settings.c:377  _al_score_display_settings       [   0.01282] Single Buffer requirement not met.
display  D   display_settings.c:191  debug_display_settings           [   0.01283] color: 32 (rgba 8880), depth: 32, stencil: 0, acc: 0000, samples: 0/1
display  D   display_settings.c:377  _al_score_display_settings       [   0.01284] Single Buffer requirement not met.
display  D   display_settings.c:191  debug_display_settings           [   0.01285] color: 32 (rgba 8880), depth: 32, stencil: 0, acc: 0000, samples: 1/1
display  D   display_settings.c:377  _al_score_display_settings       [   0.01286] Single Buffer requirement not met.
display  D   display_settings.c:191  debug_display_settings           [   0.01287] color: 32 (rgba 8880), depth: 32, stencil: 0, acc: 0000, samples: 2/1
display  D   display_settings.c:377  _al_score_display_settings       [   0.01288] Single Buffer requirement not met.
display  D   display_settings.c:191  debug_display_settings           [   0.01288] color: 32 (rgba 8880), depth: 24, stencil: 8, acc: 0000, samples: 0/1
display  D   display_settings.c:377  _al_score_display_settings       [   0.01289] Single Buffer requirement not met.
display  D   display_settings.c:191  debug_display_settings           [   0.01290] color: 32 (rgba 8880), depth: 24, stencil: 8, acc: 0000, samples: 1/1
display  D   display_settings.c:377  _al_score_display_settings       [   0.01291] Single Buffer requirement not met.
display  D   display_settings.c:191  debug_display_settings           [   0.01292] color: 32 (rgba 8880), depth: 24, stencil: 8, acc: 0000, samples: 2/1
display  D   display_settings.c:377  _al_score_display_settings       [   0.01293] Single Buffer requirement not met.
display  D   display_settings.c:191  debug_display_settings           [   0.01294] color: 32 (rgba 8880), depth: 24, stencil: 0, acc: 0000, samples: 0/1
display  D   display_settings.c:377  _al_score_display_settings       [   0.01295] Single Buffer requirement not met.
display  D   display_settings.c:191  debug_display_settings           [   0.01296] color: 32 (rgba 8880), depth: 24, stencil: 0, acc: 0000, samples: 1/1
display  D   display_settings.c:377  _al_score_display_settings       [   0.01297] Single Buffer requirement not met.
display  D   display_settings.c:191  debug_display_settings           [   0.01297] color: 32 (rgba 8880), depth: 24, stencil: 0, acc: 0000, samples: 2/1
display  D   display_settings.c:377  _al_score_display_settings       [   0.01298] Single Buffer requirement not met.
display  D   display_settings.c:191  debug_display_settings           [   0.01299] color: 32 (rgba 8880), depth: 24, stencil: 4, acc: 0000, samples: 0/1
display  D   display_settings.c:377  _al_score_display_settings       [   0.01300] Single Buffer requirement not met.
display  D   display_settings.c:191  debug_display_settings           [   0.01301] color: 32 (rgba 8880), depth: 24, stencil: 4, acc: 0000, samples: 1/1
display  D   display_settings.c:377  _al_score_display_settings       [   0.01302] Single Buffer requirement not met.
display  D   display_settings.c:191  debug_display_settings           [   0.01303] color: 32 (rgba 8880), depth: 24, stencil: 4, acc: 0000, samples: 2/1
display  D   display_settings.c:377  _al_score_display_settings       [   0.01309] Single Buffer requirement not met.
display  D   display_settings.c:191  debug_display_settings           [   0.01309] color: 16 (rgba 5650), depth: 0, stencil: 0, acc: 0000, samples: 0/0
display  D   display_settings.c:506  _al_score_display_settings       [   0.01310] Score is : 897
display  D   display_settings.c:191  debug_display_settings           [   0.01311] color: 16 (rgba 5650), depth: 15, stencil: 1, acc: 0000, samples: 0/0
display  D   display_settings.c:506  _al_score_display_settings       [   0.01312] Score is : 897
display  D   display_settings.c:191  debug_display_settings           [   0.01313] color: 16 (rgba 5650), depth: 16, stencil: 0, acc: 0000, samples: 0/0
display  D   display_settings.c:506  _al_score_display_settings       [   0.01314] Score is : 897
display  D   display_settings.c:191  debug_display_settings           [   0.01315] color: 16 (rgba 5650), depth: 32, stencil: 0, acc: 0000, samples: 0/0
display  D   display_settings.c:506  _al_score_display_settings       [   0.01316] Score is : 897
display  D   display_settings.c:191  debug_display_settings           [   0.01317] color: 16 (rgba 5650), depth: 24, stencil: 8, acc: 0000, samples: 0/0
display  D   display_settings.c:506  _al_score_display_settings       [   0.01318] Score is : 897
display  D   display_settings.c:191  debug_display_settings           [   0.01318] color: 16 (rgba 5650), depth: 24, stencil: 0, acc: 0000, samples: 0/0
display  D   display_settings.c:506  _al_score_display_settings       [   0.01319] Score is : 897
display  D   display_settings.c:191  debug_display_settings           [   0.01320] color: 16 (rgba 5650), depth: 24, stencil: 4, acc: 0000, samples: 0/0
display  D   display_settings.c:506  _al_score_display_settings       [   0.01321] Score is : 897
display  D   display_settings.c:191  debug_display_settings           [   0.01322] color: 16 (rgba 5650), depth: 0, stencil: 0, acc: 0000, samples: 0/1
display  D   display_settings.c:506  _al_score_display_settings       [   0.01323] Score is : 769
display  D   display_settings.c:191  debug_display_settings           [   0.01324] color: 16 (rgba 5650), depth: 0, stencil: 0, acc: 0000, samples: 1/1
display  D   display_settings.c:506  _al_score_display_settings       [   0.01325] Score is : 737
display  D   display_settings.c:191  debug_display_settings           [   0.01326] color: 16 (rgba 5650), depth: 0, stencil: 0, acc: 0000, samples: 2/1
display  D   display_settings.c:506  _al_score_display_settings       [   0.01327] Score is : 726
display  D   display_settings.c:191  debug_display_settings           [   0.01327] color: 16 (rgba 5650), depth: 15, stencil: 1, acc: 0000, samples: 0/1
display  D   display_settings.c:506  _al_score_display_settings       [   0.01328] Score is : 769
display  D   display_settings.c:191  debug_display_settings           [   0.01329] color: 16 (rgba 5650), depth: 15, stencil: 1, acc: 0000, samples: 1/1
display  D   display_settings.c:506  _al_score_display_settings       [   0.01330] Score is : 737
display  D   display_settings.c:191  debug_display_settings           [   0.01331] color: 16 (rgba 5650), depth: 15, stencil: 1, acc: 0000, samples: 2/1
display  D   display_settings.c:506  _al_score_display_settings       [   0.01332] Score is : 726
display  D   display_settings.c:191  debug_display_settings           [   0.01333] color: 16 (rgba 5650), depth: 16, stencil: 0, acc: 0000, samples: 0/1
display  D   display_settings.c:506  _al_score_display_settings       [   0.01334] Score is : 769
display  D   display_settings.c:191  debug_display_settings           [   0.01334] color: 16 (rgba 5650), depth: 16, stencil: 0, acc: 0000, samples: 1/1
display  D   display_settings.c:506  _al_score_display_settings       [   0.01335] Score is : 737
display  D   display_settings.c:191  debug_display_settings           [   0.01336] color: 16 (rgba 5650), depth: 16, stencil: 0, acc: 0000, samples: 2/1
display  D   display_settings.c:506  _al_score_display_settings       [   0.01337] Score is : 726
display  D   display_settings.c:191  debug_display_settings           [   0.01338] color: 16 (rgba 5650), depth: 32, stencil: 0, acc: 0000, samples: 0/1
display  D   display_settings.c:506  _al_score_display_settings       [   0.01339] Score is : 769
display  D   display_settings.c:191  debug_display_settings           [   0.01340] color: 16 (rgba 5650), depth: 32, stencil: 0, acc: 0000, samples: 1/1
display  D   display_settings.c:506  _al_score_display_settings       [   0.01341] Score is : 737
display  D   display_settings.c:191  debug_display_settings           [   0.01341] color: 16 (rgba 5650), depth: 32, stencil: 0, acc: 0000, samples: 2/1
display  D   display_settings.c:506  _al_score_display_settings       [   0.01342] Score is : 726
display  D   display_settings.c:191  debug_display_settings           [   0.01343] color: 16 (rgba 5650), depth: 24, stencil: 8, acc: 0000, samples: 0/1
display  D   display_settings.c:506  _al_score_display_settings       [   0.01344] Score is : 769
display  D   display_settings.c:191  debug_display_settings           [   0.01345] color: 16 (rgba 5650), depth: 24, stencil: 8, acc: 0000, samples: 1/1
display  D   display_settings.c:506  _al_score_display_settings       [   0.01346] Score is : 737
display  D   display_settings.c:191  debug_display_settings           [   0.01347] color: 16 (rgba 5650), depth: 24, stencil: 8, acc: 0000, samples: 2/1
display  D   display_settings.c:506  _al_score_display_settings       [   0.01348] Score is : 726
display  D   display_settings.c:191  debug_display_settings           [   0.01349] color: 16 (rgba 5650), depth: 24, stencil: 0, acc: 0000, samples: 0/1
display  D   display_settings.c:506  _al_score_display_settings       [   0.01350] Score is : 769
display  D   display_settings.c:191  debug_display_settings           [   0.01350] color: 16 (rgba 5650), depth: 24, stencil: 0, acc: 0000, samples: 1/1
display  D   display_settings.c:506  _al_score_display_settings       [   0.01351] Score is : 737
display  D   display_settings.c:191  debug_display_settings           [   0.01352] color: 16 (rgba 5650), depth: 24, stencil: 0, acc: 0000, samples: 2/1
display  D   display_settings.c:506  _al_score_display_settings       [   0.01353] Score is : 726
display  D   display_settings.c:191  debug_display_settings           [   0.01354] color: 16 (rgba 5650), depth: 24, stencil: 4, acc: 0000, samples: 0/1
display  D   display_settings.c:506  _al_score_display_settings       [   0.01355] Score is : 769
display  D   display_settings.c:191  debug_display_settings           [   0.01356] color: 16 (rgba 5650), depth: 24, stencil: 4, acc: 0000, samples: 1/1
display  D   display_settings.c:506  _al_score_display_settings       [   0.01360] Score is : 737
display  D   display_settings.c:191  debug_display_settings           [   0.01361] color: 16 (rgba 5650), depth: 24, stencil: 4, acc: 0000, samples: 2/1
display  D   display_settings.c:506  _al_score_display_settings       [   0.01362] Score is : 726
display  D   display_settings.c:191  debug_display_settings           [   0.01363] color: 16 (rgba 5650), depth: 0, stencil: 0, acc: 0000, samples: 0/0
display  D   display_settings.c:377  _al_score_display_settings       [   0.01364] Single Buffer requirement not met.
display  D   display_settings.c:191  debug_display_settings           [   0.01365] color: 16 (rgba 5650), depth: 15, stencil: 1, acc: 0000, samples: 0/0
display  D   display_settings.c:377  _al_score_display_settings       [   0.01366] Single Buffer requirement not met.
display  D   display_settings.c:191  debug_display_settings           [   0.01366] color: 16 (rgba 5650), depth: 16, stencil: 0, acc: 0000, samples: 0/0
display  D   display_settings.c:377  _al_score_display_settings       [   0.01367] Single Buffer requirement not met.
display  D   display_settings.c:191  debug_display_settings           [   0.01368] color: 16 (rgba 5650), depth: 32, stencil: 0, acc: 0000, samples: 0/0
display  D   display_settings.c:377  _al_score_display_settings       [   0.01369] Single Buffer requirement not met.
display  D   display_settings.c:191  debug_display_settings           [   0.01370] color: 16 (rgba 5650), depth: 24, stencil: 8, acc: 0000, samples: 0/0
display  D   display_settings.c:377  _al_score_display_settings       [   0.01371] Single Buffer requirement not met.
display  D   display_settings.c:191  debug_display_settings           [   0.01372] color: 16 (rgba 5650), depth: 24, stencil: 0, acc: 0000, samples: 0/0
display  D   display_settings.c:377  _al_score_display_settings       [   0.01373] Single Buffer requirement not met.
display  D   display_settings.c:191  debug_display_settings           [   0.01374] color: 16 (rgba 5650), depth: 24, stencil: 4, acc: 0000, samples: 0/0
display  D   display_settings.c:377  _al_score_display_settings       [   0.01375] Single Buffer requirement not met.
display  D   display_settings.c:191  debug_display_settings           [   0.01376] color: 16 (rgba 5650), depth: 0, stencil: 0, acc: 0000, samples: 0/1
display  D   display_settings.c:377  _al_score_display_settings       [   0.01377] Single Buffer requirement not met.
display  D   display_settings.c:191  debug_display_settings           [   0.01377] color: 16 (rgba 5650), depth: 0, stencil: 0, acc: 0000, samples: 1/1
display  D   display_settings.c:377  _al_score_display_settings       [   0.01378] Single Buffer requirement not met.
display  D   display_settings.c:191  debug_display_settings           [   0.01379] color: 16 (rgba 5650), depth: 0, stencil: 0, acc: 0000, samples: 2/1
display  D   display_settings.c:377  _al_score_display_settings       [   0.01380] Single Buffer requirement not met.
display  D   display_settings.c:191  debug_display_settings           [   0.01381] color: 16 (rgba 5650), depth: 15, stencil: 1, acc: 0000, samples: 0/1
display  D   display_settings.c:377  _al_score_display_settings       [   0.01382] Single Buffer requirement not met.
display  D   display_settings.c:191  debug_display_settings           [   0.01383] color: 16 (rgba 5650), depth: 15, stencil: 1, acc: 0000, samples: 1/1
display  D   display_settings.c:377  _al_score_display_settings       [   0.01384] Single Buffer requirement not met.
display  D   display_settings.c:191  debug_display_settings           [   0.01385] color: 16 (rgba 5650), depth: 15, stencil: 1, acc: 0000, samples: 2/1
display  D   display_settings.c:377  _al_score_display_settings       [   0.01386] Single Buffer requirement not met.
display  D   display_settings.c:191  debug_display_settings           [   0.01386] color: 16 (rgba 5650), depth: 16, stencil: 0, acc: 0000, samples: 0/1
display  D   display_settings.c:377  _al_score_display_settings       [   0.01387] Single Buffer requirement not met.
display  D   display_settings.c:191  debug_display_settings           [   0.01388] color: 16 (rgba 5650), depth: 16, stencil: 0, acc: 0000, samples: 1/1
display  D   display_settings.c:377  _al_score_display_settings       [   0.01389] Single Buffer requirement not met.
display  D   display_settings.c:191  debug_display_settings           [   0.01390] color: 16 (rgba 5650), depth: 16, stencil: 0, acc: 0000, samples: 2/1
display  D   display_settings.c:377  _al_score_display_settings       [   0.01391] Single Buffer requirement not met.
display  D   display_settings.c:191  debug_display_settings           [   0.01392] color: 16 (rgba 5650), depth: 32, stencil: 0, acc: 0000, samples: 0/1
display  D   display_settings.c:377  _al_score_display_settings       [   0.01393] Single Buffer requirement not met.
display  D   display_settings.c:191  debug_display_settings           [   0.01394] color: 16 (rgba 5650), depth: 32, stencil: 0, acc: 0000, samples: 1/1
display  D   display_settings.c:377  _al_score_display_settings       [   0.01395] Single Buffer requirement not met.
display  D   display_settings.c:191  debug_display_settings           [   0.01395] color: 16 (rgba 5650), depth: 32, stencil: 0, acc: 0000, samples: 2/1
display  D   display_settings.c:377  _al_score_display_settings       [   0.01396] Single Buffer requirement not met.
display  D   display_settings.c:191  debug_display_settings           [   0.01397] color: 16 (rgba 5650), depth: 24, stencil: 8, acc: 0000, samples: 0/1
display  D   display_settings.c:377  _al_score_display_settings       [   0.01398] Single Buffer requirement not met.
display  D   display_settings.c:191  debug_display_settings           [   0.01399] color: 16 (rgba 5650), depth: 24, stencil: 8, acc: 0000, samples: 1/1
display  D   display_settings.c:377  _al_score_display_settings       [   0.01400] Single Buffer requirement not met.
display  D   display_settings.c:191  debug_display_settings           [   0.01401] color: 16 (rgba 5650), depth: 24, stencil: 8, acc: 0000, samples: 2/1
display  D   display_settings.c:377  _al_score_display_settings       [   0.01403] Single Buffer requirement not met.
display  D   display_settings.c:191  debug_display_settings           [   0.01404] color: 16 (rgba 5650), depth: 24, stencil: 0, acc: 0000, samples: 0/1
display  D   display_settings.c:377  _al_score_display_settings       [   0.01405] Single Buffer requirement not met.
display  D   display_settings.c:191  debug_display_settings           [   0.01406] color: 16 (rgba 5650), depth: 24, stencil: 0, acc: 0000, samples: 1/1
display  D   display_settings.c:377  _al_score_display_settings       [   0.01407] Single Buffer requirement not met.
display  D   display_settings.c:191  debug_display_settings           [   0.01407] color: 16 (rgba 5650), depth: 24, stencil: 0, acc: 0000, samples: 2/1
display  D   display_settings.c:377  _al_score_display_settings       [   0.01408] Single Buffer requirement not met.
display  D   display_settings.c:191  debug_display_settings           [   0.01409] color: 16 (rgba 5650), depth: 24, stencil: 4, acc: 0000, samples: 0/1
display  D   display_settings.c:377  _al_score_display_settings       [   0.01410] Single Buffer requirement not met.
display  D   display_settings.c:191  debug_display_settings           [   0.01411] color: 16 (rgba 5650), depth: 24, stencil: 4, acc: 0000, samples: 1/1
display  D   display_settings.c:377  _al_score_display_settings       [   0.01412] Single Buffer requirement not met.
display  D   display_settings.c:191  debug_display_settings           [   0.01413] color: 16 (rgba 5650), depth: 24, stencil: 4, acc: 0000, samples: 2/1
display  D   display_settings.c:377  _al_score_display_settings       [   0.01414] Single Buffer requirement not met.
display  D   display_settings.c:191  debug_display_settings           [   0.01415] color: 16 (rgba 5650), depth: 0, stencil: 0, acc: 0000, samples: 0/0
display  D   display_settings.c:506  _al_score_display_settings       [   0.01415] Score is : 769
display  D   display_settings.c:191  debug_display_settings           [   0.01416] color: 16 (rgba 5650), depth: 15, stencil: 1, acc: 0000, samples: 0/0
display  D   display_settings.c:506  _al_score_display_settings       [   0.01417] Score is : 769
display  D   display_settings.c:191  debug_display_settings           [   0.01418] color: 16 (rgba 5650), depth: 16, stencil: 0, acc: 0000, samples: 0/0
display  D   display_settings.c:506  _al_score_display_settings       [   0.01419] Score is : 769
display  D   display_settings.c:191  debug_display_settings           [   0.01420] color: 16 (rgba 5650), depth: 32, stencil: 0, acc: 0000, samples: 0/0
display  D   display_settings.c:506  _al_score_display_settings       [   0.01421] Score is : 769
display  D   display_settings.c:191  debug_display_settings           [   0.01422] color: 16 (rgba 5650), depth: 24, stencil: 8, acc: 0000, samples: 0/0
display  D   display_settings.c:506  _al_score_display_settings       [   0.01423] Score is : 769
display  D   display_settings.c:191  debug_display_settings           [   0.01423] color: 16 (rgba 5650), depth: 24, stencil: 0, acc: 0000, samples: 0/0
display  D   display_settings.c:506  _al_score_display_settings       [   0.01424] Score is : 769
display  D   display_settings.c:191  debug_display_settings           [   0.01425] color: 16 (rgba 5650), depth: 24, stencil: 4, acc: 0000, samples: 0/0
display  D   display_settings.c:506  _al_score_display_settings       [   0.01426] Score is : 769
display  D   display_settings.c:191  debug_display_settings           [   0.01427] color: 16 (rgba 5650), depth: 0, stencil: 0, acc: 0000, samples: 0/1
display  D   display_settings.c:506  _al_score_display_settings       [   0.01428] Score is : 641
display  D   display_settings.c:191  debug_display_settings           [   0.01429] color: 16 (rgba 5650), depth: 0, stencil: 0, acc: 0000, samples: 1/1
display  D   display_settings.c:506  _al_score_display_settings       [   0.01430] Score is : 609
display  D   display_settings.c:191  debug_display_settings           [   0.01430] color: 16 (rgba 5650), depth: 0, stencil: 0, acc: 0000, samples: 2/1
display  D   display_settings.c:506  _al_score_display_settings       [   0.01432] Score is : 598
display  D   display_settings.c:191  debug_display_settings           [   0.01432] color: 16 (rgba 5650), depth: 15, stencil: 1, acc: 0000, samples: 0/1
display  D   display_settings.c:506  _al_score_display_settings       [   0.01433] Score is : 641
display  D   display_settings.c:191  debug_display_settings           [   0.01434] color: 16 (rgba 5650), depth: 15, stencil: 1, acc: 0000, samples: 1/1
display  D   display_settings.c:506  _al_score_display_settings       [   0.01435] Score is : 609
display  D   display_settings.c:191  debug_display_settings           [   0.01436] color: 16 (rgba 5650), depth: 15, stencil: 1, acc: 0000, samples: 2/1
display  D   display_settings.c:506  _al_score_display_settings       [   0.01437] Score is : 598
display  D   display_settings.c:191  debug_display_settings           [   0.01438] color: 16 (rgba 5650), depth: 16, stencil: 0, acc: 0000, samples: 0/1
display  D   display_settings.c:506  _al_score_display_settings       [   0.01439] Score is : 641
display  D   display_settings.c:191  debug_display_settings           [   0.01441] color: 16 (rgba 5650), depth: 16, stencil: 0, acc: 0000, samples: 1/1
display  D   display_settings.c:506  _al_score_display_settings       [   0.01442] Score is : 609
display  D   display_settings.c:191  debug_display_settings           [   0.01443] color: 16 (rgba 5650), depth: 16, stencil: 0, acc: 0000, samples: 2/1
display  D   display_settings.c:506  _al_score_display_settings       [   0.01444] Score is : 598
display  D   display_settings.c:191  debug_display_settings           [   0.01445] color: 16 (rgba 5650), depth: 32, stencil: 0, acc: 0000, samples: 0/1
display  D   display_settings.c:506  _al_score_display_settings       [   0.01446] Score is : 641
display  D   display_settings.c:191  debug_display_settings           [   0.01447] color: 16 (rgba 5650), depth: 32, stencil: 0, acc: 0000, samples: 1/1
display  D   display_settings.c:506  _al_score_display_settings       [   0.01448] Score is : 609
display  D   display_settings.c:191  debug_display_settings           [   0.01449] color: 16 (rgba 5650), depth: 32, stencil: 0, acc: 0000, samples: 2/1
display  D   display_settings.c:506  _al_score_display_settings       [   0.01450] Score is : 598
display  D   display_settings.c:191  debug_display_settings           [   0.01450] color: 16 (rgba 5650), depth: 24, stencil: 8, acc: 0000, samples: 0/1
display  D   display_settings.c:506  _al_score_display_settings       [   0.01451] Score is : 641
display  D   display_settings.c:191  debug_display_settings           [   0.01452] color: 16 (rgba 5650), depth: 24, stencil: 8, acc: 0000, samples: 1/1
display  D   display_settings.c:506  _al_score_display_settings       [   0.01453] Score is : 609
display  D   display_settings.c:191  debug_display_settings           [   0.01454] color: 16 (rgba 5650), depth: 24, stencil: 8, acc: 0000, samples: 2/1
display  D   display_settings.c:506  _al_score_display_settings       [   0.01455] Score is : 598
display  D   display_settings.c:191  debug_display_settings           [   0.01456] color: 16 (rgba 5650), depth: 24, stencil: 0, acc: 0000, samples: 0/1
display  D   display_settings.c:506  _al_score_display_settings       [   0.01457] Score is : 641
display  D   display_settings.c:191  debug_display_settings           [   0.01458] color: 16 (rgba 5650), depth: 24, stencil: 0, acc: 0000, samples: 1/1
display  D   display_settings.c:506  _al_score_display_settings       [   0.01459] Score is : 609
display  D   display_settings.c:191  debug_display_settings           [   0.01459] color: 16 (rgba 5650), depth: 24, stencil: 0, acc: 0000, samples: 2/1
display  D   display_settings.c:506  _al_score_display_settings       [   0.01460] Score is : 598
display  D   display_settings.c:191  debug_display_settings           [   0.01461] color: 16 (rgba 5650), depth: 24, stencil: 4, acc: 0000, samples: 0/1
display  D   display_settings.c:506  _al_score_display_settings       [   0.01462] Score is : 641
display  D   display_settings.c:191  debug_display_settings           [   0.01463] color: 16 (rgba 5650), depth: 24, stencil: 4, acc: 0000, samples: 1/1
display  D   display_settings.c:506  _al_score_display_settings       [   0.01464] Score is : 609
display  D   display_settings.c:191  debug_display_settings           [   0.01465] color: 16 (rgba 5650), depth: 24, stencil: 4, acc: 0000, samples: 2/1
display  D   display_settings.c:506  _al_score_display_settings       [   0.01466] Score is : 598
display  D   display_settings.c:191  debug_display_settings           [   0.01467] color: 16 (rgba 5650), depth: 0, stencil: 0, acc: 0000, samples: 0/0
display  D   display_settings.c:377  _al_score_display_settings       [   0.01468] Single Buffer requirement not met.
display  D   display_settings.c:191  debug_display_settings           [   0.01469] color: 16 (rgba 5650), depth: 15, stencil: 1, acc: 0000, samples: 0/0
display  D   display_settings.c:377  _al_score_display_settings       [   0.01470] Single Buffer requirement not met.
display  D   display_settings.c:191  debug_display_settings           [   0.01470] color: 16 (rgba 5650), depth: 16, stencil: 0, acc: 0000, samples: 0/0
display  D   display_settings.c:377  _al_score_display_settings       [   0.01471] Single Buffer requirement not met.
display  D   display_settings.c:191  debug_display_settings           [   0.01472] color: 16 (rgba 5650), depth: 32, stencil: 0, acc: 0000, samples: 0/0
display  D   display_settings.c:377  _al_score_display_settings       [   0.01473] Single Buffer requirement not met.
display  D   display_settings.c:191  debug_display_settings           [   0.01474] color: 16 (rgba 5650), depth: 24, stencil: 8, acc: 0000, samples: 0/0
display  D   display_settings.c:377  _al_score_display_settings       [   0.01475] Single Buffer requirement not met.
display  D   display_settings.c:191  debug_display_settings           [   0.01476] color: 16 (rgba 5650), depth: 24, stencil: 0, acc: 0000, samples: 0/0
display  D   display_settings.c:377  _al_score_display_settings       [   0.01477] Single Buffer requirement not met.
display  D   display_settings.c:191  debug_display_settings           [   0.01477] color: 16 (rgba 5650), depth: 24, stencil: 4, acc: 0000, samples: 0/0
display  D   display_settings.c:377  _al_score_display_settings       [   0.01478] Single Buffer requirement not met.
display  D   display_settings.c:191  debug_display_settings           [   0.01479] color: 16 (rgba 5650), depth: 0, stencil: 0, acc: 0000, samples: 0/1
display  D   display_settings.c:377  _al_score_display_settings       [   0.01480] Single Buffer requirement not met.
display  D   display_settings.c:191  debug_display_settings           [   0.01481] color: 16 (rgba 5650), depth: 0, stencil: 0, acc: 0000, samples: 1/1
display  D   display_settings.c:377  _al_score_display_settings       [   0.01482] Single Buffer requirement not met.
display  D   display_settings.c:191  debug_display_settings           [   0.01483] color: 16 (rgba 5650), depth: 0, stencil: 0, acc: 0000, samples: 2/1
display  D   display_settings.c:377  _al_score_display_settings       [   0.01484] Single Buffer requirement not met.
display  D   display_settings.c:191  debug_display_settings           [   0.01485] color: 16 (rgba 5650), depth: 15, stencil: 1, acc: 0000, samples: 0/1
display  D   display_settings.c:377  _al_score_display_settings       [   0.01486] Single Buffer requirement not met.
display  D   display_settings.c:191  debug_display_settings           [   0.01486] color: 16 (rgba 5650), depth: 15, stencil: 1, acc: 0000, samples: 1/1
display  D   display_settings.c:377  _al_score_display_settings       [   0.01487] Single Buffer requirement not met.
display  D   display_settings.c:191  debug_display_settings           [   0.01488] color: 16 (rgba 5650), depth: 15, stencil: 1, acc: 0000, samples: 2/1
display  D   display_settings.c:377  _al_score_display_settings       [   0.01489] Single Buffer requirement not met.
display  D   display_settings.c:191  debug_display_settings           [   0.01491] color: 16 (rgba 5650), depth: 16, stencil: 0, acc: 0000, samples: 0/1
display  D   display_settings.c:377  _al_score_display_settings       [   0.01492] Single Buffer requirement not met.
display  D   display_settings.c:191  debug_display_settings           [   0.01493] color: 16 (rgba 5650), depth: 16, stencil: 0, acc: 0000, samples: 1/1
display  D   display_settings.c:377  _al_score_display_settings       [   0.01495] Single Buffer requirement not met.
display  D   display_settings.c:191  debug_display_settings           [   0.01496] color: 16 (rgba 5650), depth: 16, stencil: 0, acc: 0000, samples: 2/1
display  D   display_settings.c:377  _al_score_display_settings       [   0.01497] Single Buffer requirement not met.
display  D   display_settings.c:191  debug_display_settings           [   0.01499] color: 16 (rgba 5650), depth: 32, stencil: 0, acc: 0000, samples: 0/1
display  D   display_settings.c:377  _al_score_display_settings       [   0.01501] Single Buffer requirement not met.
display  D   display_settings.c:191  debug_display_settings           [   0.01502] color: 16 (rgba 5650), depth: 32, stencil: 0, acc: 0000, samples: 1/1
display  D   display_settings.c:377  _al_score_display_settings       [   0.01504] Single Buffer requirement not met.
display  D   display_settings.c:191  debug_display_settings           [   0.01506] color: 16 (rgba 5650), depth: 32, stencil: 0, acc: 0000, samples: 2/1
display  D   display_settings.c:377  _al_score_display_settings       [   0.01508] Single Buffer requirement not met.
display  D   display_settings.c:191  debug_display_settings           [   0.01508] color: 16 (rgba 5650), depth: 24, stencil: 8, acc: 0000, samples: 0/1
display  D   display_settings.c:377  _al_score_display_settings       [   0.01510] Single Buffer requirement not met.
display  D   display_settings.c:191  debug_display_settings           [   0.01510] color: 16 (rgba 5650), depth: 24, stencil: 8, acc: 0000, samples: 1/1
display  D   display_settings.c:377  _al_score_display_settings       [   0.01511] Single Buffer requirement not met.
display  D   display_settings.c:191  debug_display_settings           [   0.01512] color: 16 (rgba 5650), depth: 24, stencil: 8, acc: 0000, samples: 2/1
display  D   display_settings.c:377  _al_score_display_settings       [   0.01513] Single Buffer requirement not met.
display  D   display_settings.c:191  debug_display_settings           [   0.01514] color: 16 (rgba 5650), depth: 24, stencil: 0, acc: 0000, samples: 0/1
display  D   display_settings.c:377  _al_score_display_settings       [   0.01516] Single Buffer requirement not met.
display  D   display_settings.c:191  debug_display_settings           [   0.01516] color: 16 (rgba 5650), depth: 24, stencil: 0, acc: 0000, samples: 1/1
display  D   display_settings.c:377  _al_score_display_settings       [   0.01518] Single Buffer requirement not met.
display  D   display_settings.c:191  debug_display_settings           [   0.01522] color: 16 (rgba 5650), depth: 24, stencil: 0, acc: 0000, samples: 2/1
display  D   display_settings.c:377  _al_score_display_settings       [   0.01523] Single Buffer requirement not met.
display  D   display_settings.c:191  debug_display_settings           [   0.01524] color: 16 (rgba 5650), depth: 24, stencil: 4, acc: 0000, samples: 0/1
display  D   display_settings.c:377  _al_score_display_settings       [   0.01526] Single Buffer requirement not met.
display  D   display_settings.c:191  debug_display_settings           [   0.01527] color: 16 (rgba 5650), depth: 24, stencil: 4, acc: 0000, samples: 1/1
display  D   display_settings.c:377  _al_score_display_settings       [   0.01529] Single Buffer requirement not met.
display  D   display_settings.c:191  debug_display_settings           [   0.01530] color: 16 (rgba 5650), depth: 24, stencil: 4, acc: 0000, samples: 2/1
display  D   display_settings.c:377  _al_score_display_settings       [   0.01533] Single Buffer requirement not met.
display  D   display_settings.c:191  debug_display_settings           [   0.01534] color: 0 (rgba 0000), depth: 0, stencil: 0, acc: 0000, samples: 0/0
display  D   display_settings.c:217  _al_score_display_settings       [   0.01536] Display not compatible with Allegro.
display  D   display_settings.c:191  debug_display_settings           [   0.01537] color: 0 (rgba 0000), depth: 0, stencil: 0, acc: 0000, samples: 0/0
display  D   display_settings.c:217  _al_score_display_settings       [   0.01538] Display not compatible with Allegro.
display  D   display_settings.c:191  debug_display_settings           [   0.01539] color: 0 (rgba 0000), depth: 0, stencil: 0, acc: 0000, samples: 0/0
display  D   display_settings.c:217  _al_score_display_settings       [   0.01540] Display not compatible with Allegro.
display  D   display_settings.c:191  debug_display_settings           [   0.01541] color: 0 (rgba 0000), depth: 0, stencil: 0, acc: 0000, samples: 0/0
display  D   display_settings.c:217  _al_score_display_settings       [   0.01542] Display not compatible with Allegro.
d3d      D         d3d_disp.cpp:1838 d3d_create_display_internals     [   0.01548] Trying format 0 of 188.
d3d      I         d3d_disp.cpp:1516 d3d_display_thread_proc          [   0.01645] Chose a display format: 23
d3d      I         d3d_disp.cpp:1585 d3d_display_thread_proc          [   0.01648] Normal window.
d3d      I         d3d_disp.cpp:992  d3d_create_device                [   0.02499] Using no depth stencil buffer
d3d      D         d3d_disp.cpp:1057 d3d_create_device                [   0.02667] BeginScene succeeded in create_device
d3d      D         d3d_disp.cpp:1065 d3d_create_device                [   0.02669] Success
d3d      D         d3d_disp.cpp:1861 d3d_create_display_internals     [   0.02671] Resumed after wait.
d3d      I         d3d_disp.cpp:1886 d3d_create_display_internals     [   0.02674] Format 0 succeeded.
d3d      D         d3d_disp.cpp:1356 real_choose_bitmap_format        [   0.03258] Fake format
d3d      D         d3d_disp.cpp:1356 real_choose_bitmap_format        [   0.03262] Fake format
d3d      D         d3d_disp.cpp:1356 real_choose_bitmap_format        [   0.03264] Fake format
d3d      D         d3d_disp.cpp:1356 real_choose_bitmap_format        [   0.03266] Fake format
d3d      D         d3d_disp.cpp:1356 real_choose_bitmap_format        [   0.03269] Fake format
d3d      D         d3d_disp.cpp:1356 real_choose_bitmap_format        [   0.03270] Fake format
d3d      D         d3d_disp.cpp:1356 real_choose_bitmap_format        [   0.03271] Fake format
d3d      D         d3d_disp.cpp:1356 real_choose_bitmap_format        [   0.03272] Fake format
d3d      D         d3d_disp.cpp:1356 real_choose_bitmap_format        [   0.03275] Fake format
d3d      D         d3d_disp.cpp:1364 real_choose_bitmap_format        [   0.03277] Alpha doesn't match
d3d      D         d3d_disp.cpp:1371 real_choose_bitmap_format        [   0.03279] Adapter format is 23
d3d      D         d3d_disp.cpp:1374 real_choose_bitmap_format        [   0.03281] Found a format
d3d      I         d3d_disp.cpp:2448 _al_d3d_create_bitmap            [   0.03284] Chose bitmap format 9
dtor     D               dtor.c:184  _al_register_destructor          [   0.09798] added dtor for object 0089FCB8, func 0FEE256D
d3d      D          d3d_bmp.cpp:457  _al_d3d_sync_bitmap              [   0.14424] _al_d3d_sync_bitmap (system) ref count == 1
d3d      D          d3d_bmp.cpp:462  _al_d3d_sync_bitmap              [   0.14428] _al_d3d_sync_bitmap (video) ref count == 1
d3d      D         d3d_disp.cpp:1356 real_choose_bitmap_format        [   0.20292] Fake format
d3d      D         d3d_disp.cpp:1356 real_choose_bitmap_format        [   0.20295] Fake format
d3d      D         d3d_disp.cpp:1356 real_choose_bitmap_format        [   0.20296] Fake format
d3d      D         d3d_disp.cpp:1356 real_choose_bitmap_format        [   0.20297] Fake format
d3d      D         d3d_disp.cpp:1356 real_choose_bitmap_format        [   0.20298] Fake format
d3d      D         d3d_disp.cpp:1356 real_choose_bitmap_format        [   0.20298] Fake format
d3d      D         d3d_disp.cpp:1356 real_choose_bitmap_format        [   0.20299] Fake format
d3d      D         d3d_disp.cpp:1356 real_choose_bitmap_format        [   0.20302] Fake format
d3d      D         d3d_disp.cpp:1356 real_choose_bitmap_format        [   0.20303] Fake format
d3d      D         d3d_disp.cpp:1364 real_choose_bitmap_format        [   0.20304] Alpha doesn't match
d3d      D         d3d_disp.cpp:1371 real_choose_bitmap_format        [   0.20305] Adapter format is 23
d3d      D         d3d_disp.cpp:1374 real_choose_bitmap_format        [   0.20306] Found a format
d3d      I         d3d_disp.cpp:2448 _al_d3d_create_bitmap            [   0.20307] Chose bitmap format 9
dtor     D               dtor.c:184  _al_register_destructor          [   0.20323] added dtor for object 0089FE98, func 0FEE256D
d3d      D          d3d_bmp.cpp:457  _al_d3d_sync_bitmap              [   0.21184] _al_d3d_sync_bitmap (system) ref count == 1
d3d      D          d3d_bmp.cpp:462  _al_d3d_sync_bitmap              [   0.21187] _al_d3d_sync_bitmap (video) ref count == 1
d3d      D          d3d_bmp.cpp:457  _al_d3d_sync_bitmap              [   0.21372] _al_d3d_sync_bitmap (system) ref count == 1
d3d      D          d3d_bmp.cpp:462  _al_d3d_sync_bitmap              [   0.21376] _al_d3d_sync_bitmap (video) ref count == 1
dtor     D               dtor.c:184  _al_register_destructor          [   0.21396] added dtor for object 04242338, func 0FEE2775
d3d      D          d3d_bmp.cpp:457  _al_d3d_sync_bitmap              [   0.23458] _al_d3d_sync_bitmap (system) ref count == 1
d3d      D          d3d_bmp.cpp:462  _al_d3d_sync_bitmap              [   0.23462] _al_d3d_sync_bitmap (video) ref count == 1
d3d      D          d3d_bmp.cpp:457  _al_d3d_sync_bitmap              [   0.23739] _al_d3d_sync_bitmap (system) ref count == 1
d3d      D          d3d_bmp.cpp:462  _al_d3d_sync_bitmap              [   0.23742] _al_d3d_sync_bitmap (video) ref count == 2
dtor     D               dtor.c:214  _al_unregister_destructor        [   8.83739] removed dtor for object 0089FE98
d3d      W          d3d_bmp.cpp:725  d3d_destroy_bitmap               [   8.83744] d3d_destroy_bitmap: Release video texture failed.
dtor     D               dtor.c:214  _al_unregister_destructor        [   8.83829] removed dtor for object 00894008
d3d      I         d3d_disp.cpp:1110 d3d_destroy_display              [   8.83834] destroying display 008941F8 (current 00000000)
bitmap   D             bitmap.c:874  _al_convert_to_memory_bitmap     [   8.83835] converting display bitmap 0089FCB8 to memory bitmap
d3d      D          d3d_bmp.cpp:457  _al_d3d_sync_bitmap              [   8.84421] _al_d3d_sync_bitmap (system) ref count == 1
d3d      D          d3d_bmp.cpp:462  _al_d3d_sync_bitmap              [   8.84426] _al_d3d_sync_bitmap (video) ref count == 1
d3d      D         d3d_disp.cpp:1096 d3d_destroy_display_internals    [   8.84799] waiting for display 008941F8's thread to end
d3d      W         d3d_disp.cpp:812  d3d_destroy_device               [   8.85143] d3d_destroy_device: ref count not 0
d3d      I         d3d_disp.cpp:1707 d3d_display_thread_proc          [   8.90719] d3d display thread exits
dtor     D               dtor.c:214  _al_unregister_destructor        [   8.90816] removed dtor for object 04242338
dtor     D               dtor.c:114  _al_run_destructors              [   8.90820] calling dtor for object 0089FCB8, func 0FEE256D
dtor     D               dtor.c:214  _al_unregister_destructor        [   8.90821] removed dtor for object 0089FCB8
